# JRE version: Java(TM) SE Runtime Environment (8.0_181-b13) (build 1.8.0_181-b13)
# Java VM: Java HotSpot(TM) 64-Bit Server VM (25.181-b13 mixed mode windows-amd64 compressed oops)
Heap:
 PSYoungGen      total 897024K, used 79954K [0x000000076b500000, 0x00000007aee80000, 0x00000007c0000000)
  eden space 834560K, 3% used [0x000000076b500000,0x000000076d495090,0x000000079e400000)
  from space 62464K, 76% used [0x000000079e400000,0x00000007a127fb18,0x00000007a2100000)
  to   space 65536K, 0% used [0x00000007aae80000,0x00000007aae80000,0x00000007aee80000)
 ParOldGen       total 377344K, used 328561K [0x00000006c1e00000, 0x00000006d8e80000, 0x000000076b500000)
  object space 377344K, 87% used [0x00000006c1e00000,0x00000006d5edc768,0x00000006d8e80000)
 Metaspace       used 40364K, capacity 40658K, committed 40832K, reserved 1085440K
  class space    used 5597K, capacity 5698K, committed 5760K, reserved 1048576K
GC Heap History (10 events):
Event: 45.713 GC heap before
{Heap before GC invocations=26 (full 3):
 PSYoungGen      total 644096K, used 610304K [0x000000076b500000, 0x0000000796680000, 0x00000007c0000000)
  eden space 581632K, 100% used [0x000000076b500000,0x000000078ed00000,0x000000078ed00000)
  from space 62464K, 45% used [0x0000000792780000,0x0000000794380308,0x0000000796480000)
  to   space 59904K, 0% used [0x000000078ed00000,0x000000078ed00000,0x0000000792780000)
 ParOldGen       total 377344K, used 175897K [0x00000006c1e00000, 0x00000006d8e80000, 0x000000076b500000)
  object space 377344K, 46% used [0x00000006c1e00000,0x00000006cc9c6590,0x00000006d8e80000)
 Metaspace       used 40292K, capacity 40658K, committed 40832K, reserved 1085440K
  class space    used 5597K, capacity 5698K, committed 5760K, reserved 1048576K
Event: 45.752 GC heap after
Heap after GC invocations=26 (full 3):
 PSYoungGen      total 641536K, used 34631K [0x000000076b500000, 0x000000079e080000, 0x00000007c0000000)
  eden space 581632K, 0% used [0x000000076b500000,0x000000076b500000,0x000000078ed00000)
  from space 59904K, 57% used [0x000000078ed00000,0x0000000790ed1f68,0x0000000792780000)
  to   space 59392K, 0% used [0x000000079a680000,0x000000079a680000,0x000000079e080000)
 ParOldGen       total 377344K, used 199273K [0x00000006c1e00000, 0x00000006d8e80000, 0x000000076b500000)
  object space 377344K, 52% used [0x00000006c1e00000,0x00000006ce09a590,0x00000006d8e80000)
 Metaspace       used 40292K, capacity 40658K, committed 40832K, reserved 1085440K
  class space    used 5597K, capacity 5698K, committed 5760K, reserved 1048576K
}
Event: 48.628 GC heap before
{Heap before GC invocations=27 (full 3):
 PSYoungGen      total 641536K, used 616263K [0x000000076b500000, 0x000000079e080000, 0x00000007c0000000)
  eden space 581632K, 100% used [0x000000076b500000,0x000000078ed00000,0x000000078ed00000)
  from space 59904K, 57% used [0x000000078ed00000,0x0000000790ed1f68,0x0000000792780000)
  to   space 59392K, 0% used [0x000000079a680000,0x000000079a680000,0x000000079e080000)
 ParOldGen       total 377344K, used 199273K [0x00000006c1e00000, 0x00000006d8e80000, 0x000000076b500000)
  object space 377344K, 52% used [0x00000006c1e00000,0x00000006ce09a590,0x00000006d8e80000)
 Metaspace       used 40300K, capacity 40658K, committed 40832K, reserved 1085440K
  class space    used 5597K, capacity 5698K, committed 5760K, reserved 1048576K
Event: 48.677 GC heap after
Heap after GC invocations=27 (full 3):
 PSYoungGen      total 772096K, used 35933K [0x000000076b500000, 0x000000079e180000, 0x00000007c0000000)
  eden space 712704K, 0% used [0x000000076b500000,0x000000076b500000,0x0000000796d00000)
  from space 59392K, 60% used [0x000000079a680000,0x000000079c997448,0x000000079e080000)
  to   space 58880K, 0% used [0x0000000796d00000,0x0000000796d00000,0x000000079a680000)
 ParOldGen       total 377344K, used 228681K [0x00000006c1e00000, 0x00000006d8e80000, 0x000000076b500000)
  object space 377344K, 60% used [0x00000006c1e00000,0x00000006cfd52590,0x00000006d8e80000)
 Metaspace       used 40300K, capacity 40658K, committed 40832K, reserved 1085440K
  class space    used 5597K, capacity 5698K, committed 5760K, reserved 1048576K
}
Event: 52.145 GC heap before
{Heap before GC invocations=28 (full 3):
 PSYoungGen      total 772096K, used 748637K [0x000000076b500000, 0x000000079e180000, 0x00000007c0000000)
  eden space 712704K, 100% used [0x000000076b500000,0x0000000796d00000,0x0000000796d00000)
  from space 59392K, 60% used [0x000000079a680000,0x000000079c997448,0x000000079e080000)
  to   space 58880K, 0% used [0x0000000796d00000,0x0000000796d00000,0x000000079a680000)
 ParOldGen       total 377344K, used 228681K [0x00000006c1e00000, 0x00000006d8e80000, 0x000000076b500000)
  object space 377344K, 60% used [0x00000006c1e00000,0x00000006cfd52590,0x00000006d8e80000)
 Metaspace       used 40311K, capacity 40658K, committed 40832K, reserved 1085440K
  class space    used 5597K, capacity 5698K, committed 5760K, reserved 1048576K
Event: 52.205 GC heap after
Heap after GC invocations=28 (full 3):
 PSYoungGen      total 771584K, used 41955K [0x000000076b500000, 0x00000007a5c80000, 0x00000007c0000000)
  eden space 712704K, 0% used [0x000000076b500000,0x000000076b500000,0x0000000796d00000)
  from space 58880K, 71% used [0x0000000796d00000,0x00000007995f8da8,0x000000079a680000)
  to   space 60928K, 0% used [0x00000007a2100000,0x00000007a2100000,0x00000007a5c80000)
 ParOldGen       total 377344K, used 258401K [0x00000006c1e00000, 0x00000006d8e80000, 0x000000076b500000)
  object space 377344K, 68% used [0x00000006c1e00000,0x00000006d1a58590,0x00000006d8e80000)
 Metaspace       used 40311K, capacity 40658K, committed 40832K, reserved 1085440K
  class space    used 5597K, capacity 5698K, committed 5760K, reserved 1048576K
}
Event: 55.595 GC heap before
{Heap before GC invocations=29 (full 3):
 PSYoungGen      total 771584K, used 754659K [0x000000076b500000, 0x00000007a5c80000, 0x00000007c0000000)
  eden space 712704K, 100% used [0x000000076b500000,0x0000000796d00000,0x0000000796d00000)
  from space 58880K, 71% used [0x0000000796d00000,0x00000007995f8da8,0x000000079a680000)
  to   space 60928K, 0% used [0x00000007a2100000,0x00000007a2100000,0x00000007a5c80000)
 ParOldGen       total 377344K, used 258401K [0x00000006c1e00000, 0x00000006d8e80000, 0x000000076b500000)
  object space 377344K, 68% used [0x00000006c1e00000,0x00000006d1a58590,0x00000006d8e80000)
 Metaspace       used 40323K, capacity 40658K, committed 40832K, reserved 1085440K
  class space    used 5597K, capacity 5698K, committed 5760K, reserved 1048576K
Event: 55.646 GC heap after
Heap after GC invocations=29 (full 3):
 PSYoungGen      total 895488K, used 42873K [0x000000076b500000, 0x00000007a5f00000, 0x00000007c0000000)
  eden space 834560K, 0% used [0x000000076b500000,0x000000076b500000,0x000000079e400000)
  from space 60928K, 70% used [0x00000007a2100000,0x00000007a4ade670,0x00000007a5c80000)
  to   space 62464K, 0% used [0x000000079e400000,0x000000079e400000,0x00000007a2100000)
 ParOldGen       total 377344K, used 293153K [0x00000006c1e00000, 0x00000006d8e80000, 0x000000076b500000)
  object space 377344K, 77% used [0x00000006c1e00000,0x00000006d3c48768,0x00000006d8e80000)
 Metaspace       used 40323K, capacity 40658K, committed 40832K, reserved 1085440K
  class space    used 5597K, capacity 5698K, committed 5760K, reserved 1048576K
}
Event: 59.787 GC heap before
{Heap before GC invocations=30 (full 3):
 PSYoungGen      total 895488K, used 877433K [0x000000076b500000, 0x00000007a5f00000, 0x00000007c0000000)
  eden space 834560K, 100% used [0x000000076b500000,0x000000079e400000,0x000000079e400000)
  from space 60928K, 70% used [0x00000007a2100000,0x00000007a4ade670,0x00000007a5c80000)
  to   space 62464K, 0% used [0x000000079e400000,0x000000079e400000,0x00000007a2100000)
 ParOldGen       total 377344K, used 293153K [0x00000006c1e00000, 0x00000006d8e80000, 0x000000076b500000)
  object space 377344K, 77% used [0x00000006c1e00000,0x00000006d3c48768,0x00000006d8e80000)
 Metaspace       used 40362K, capacity 40658K, committed 40832K, reserved 1085440K
  class space    used 5597K, capacity 5698K, committed 5760K, reserved 1048576K
Event: 59.844 GC heap after
Heap after GC invocations=30 (full 3):
 PSYoungGen      total 897024K, used 47614K [0x000000076b500000, 0x00000007aee80000, 0x00000007c0000000)
  eden space 834560K, 0% used [0x000000076b500000,0x000000076b500000,0x000000079e400000)
  from space 62464K, 76% used [0x000000079e400000,0x00000007a127fb18,0x00000007a2100000)
  to   space 65536K, 0% used [0x00000007aae80000,0x00000007aae80000,0x00000007aee80000)
 ParOldGen       total 377344K, used 328561K [0x00000006c1e00000, 0x00000006d8e80000, 0x000000076b500000)
  object space 377344K, 87% used [0x00000006c1e00000,0x00000006d5edc768,0x00000006d8e80000)
 Metaspace       used 40362K, capacity 40658K, committed 40832K, reserved 1085440K
  class space    used 5597K, capacity 5698K, committed 5760K, reserved 1048576K
}

