# JRE version: Java(TM) SE Runtime Environment (8.0_181-b13) (build 1.8.0_181-b13)
# Java VM: Java HotSpot(TM) 64-Bit Server VM (25.181-b13 mixed mode windows-amd64 compressed oops)
Heap:
 PSYoungGen      total 1067520K, used 75650K [0x000000076b500000, 0x00000007b0c00000, 0x00000007c0000000)
  eden space 1005568K, 2% used [0x000000076b500000,0x000000076d0ef0d8,0x00000007a8b00000)
  from space 61952K, 75% used [0x00000007aca80000,0x00000007af871888,0x00000007b0700000)
  to   space 65024K, 0% used [0x00000007a8b00000,0x00000007a8b00000,0x00000007aca80000)
 ParOldGen       total 346112K, used 289090K [0x00000006c1e00000, 0x00000006d7000000, 0x000000076b500000)
  object space 346112K, 83% used [0x00000006c1e00000,0x00000006d3850b60,0x00000006d7000000)
 Metaspace       used 45607K, capacity 46018K, committed 46336K, reserved 1089536K
  class space    used 6413K, capacity 6544K, committed 6656K, reserved 1048576K
GC Heap History (10 events):
Event: 34.370 GC heap before
{Heap before GC invocations=21 (full 3):
 PSYoungGen      total 604160K, used 585822K [0x000000076b500000, 0x000000079b480000, 0x00000007c0000000)
  eden space 553472K, 100% used [0x000000076b500000,0x000000078d180000,0x000000078d180000)
  from space 50688K, 63% used [0x000000078d180000,0x000000078f1178b8,0x0000000790300000)
  to   space 51712K, 0% used [0x0000000798200000,0x0000000798200000,0x000000079b480000)
 ParOldGen       total 346112K, used 131398K [0x00000006c1e00000, 0x00000006d7000000, 0x000000076b500000)
  object space 346112K, 37% used [0x00000006c1e00000,0x00000006c9e51b40,0x00000006d7000000)
 Metaspace       used 45477K, capacity 45884K, committed 46336K, reserved 1089536K
  class space    used 6412K, capacity 6543K, committed 6656K, reserved 1048576K
Event: 34.405 GC heap after
Heap after GC invocations=21 (full 3):
 PSYoungGen      total 727040K, used 32892K [0x000000076b500000, 0x000000079b200000, 0x00000007c0000000)
  eden space 677888K, 0% used [0x000000076b500000,0x000000076b500000,0x0000000794b00000)
  from space 49152K, 66% used [0x0000000798200000,0x000000079a21f1e8,0x000000079b200000)
  to   space 52736K, 0% used [0x0000000794b00000,0x0000000794b00000,0x0000000797e80000)
 ParOldGen       total 346112K, used 158090K [0x00000006c1e00000, 0x00000006d7000000, 0x000000076b500000)
  object space 346112K, 45% used [0x00000006c1e00000,0x00000006cb862b60,0x00000006d7000000)
 Metaspace       used 45477K, capacity 45884K, committed 46336K, reserved 1089536K
  class space    used 6412K, capacity 6543K, committed 6656K, reserved 1048576K
}
Event: 38.633 GC heap before
{Heap before GC invocations=22 (full 3):
 PSYoungGen      total 727040K, used 710780K [0x000000076b500000, 0x000000079b200000, 0x00000007c0000000)
  eden space 677888K, 100% used [0x000000076b500000,0x0000000794b00000,0x0000000794b00000)
  from space 49152K, 66% used [0x0000000798200000,0x000000079a21f1e8,0x000000079b200000)
  to   space 52736K, 0% used [0x0000000794b00000,0x0000000794b00000,0x0000000797e80000)
 ParOldGen       total 346112K, used 158090K [0x00000006c1e00000, 0x00000006d7000000, 0x000000076b500000)
  object space 346112K, 45% used [0x00000006c1e00000,0x00000006cb862b60,0x00000006d7000000)
 Metaspace       used 45533K, capacity 45890K, committed 46336K, reserved 1089536K
  class space    used 6413K, capacity 6544K, committed 6656K, reserved 1048576K
Event: 38.689 GC heap after
Heap after GC invocations=22 (full 3):
 PSYoungGen      total 730624K, used 40305K [0x000000076b500000, 0x00000007a4c00000, 0x00000007c0000000)
  eden space 677888K, 0% used [0x000000076b500000,0x000000076b500000,0x0000000794b00000)
  from space 52736K, 76% used [0x0000000794b00000,0x000000079725c400,0x0000000797e80000)
  to   space 55808K, 0% used [0x00000007a1580000,0x00000007a1580000,0x00000007a4c00000)
 ParOldGen       total 346112K, used 185986K [0x00000006c1e00000, 0x00000006d7000000, 0x000000076b500000)
  object space 346112K, 53% used [0x00000006c1e00000,0x00000006cd3a0b60,0x00000006d7000000)
 Metaspace       used 45533K, capacity 45890K, committed 46336K, reserved 1089536K
  class space    used 6413K, capacity 6544K, committed 6656K, reserved 1048576K
}
Event: 42.529 GC heap before
{Heap before GC invocations=23 (full 3):
 PSYoungGen      total 730624K, used 718193K [0x000000076b500000, 0x00000007a4c00000, 0x00000007c0000000)
  eden space 677888K, 100% used [0x000000076b500000,0x0000000794b00000,0x0000000794b00000)
  from space 52736K, 76% used [0x0000000794b00000,0x000000079725c400,0x0000000797e80000)
  to   space 55808K, 0% used [0x00000007a1580000,0x00000007a1580000,0x00000007a4c00000)
 ParOldGen       total 346112K, used 185986K [0x00000006c1e00000, 0x00000006d7000000, 0x000000076b500000)
  object space 346112K, 53% used [0x00000006c1e00000,0x00000006cd3a0b60,0x00000006d7000000)
 Metaspace       used 45549K, capacity 45890K, committed 46336K, reserved 1089536K
  class space    used 6413K, capacity 6544K, committed 6656K, reserved 1048576K
Event: 42.578 GC heap after
Heap after GC invocations=23 (full 3):
 PSYoungGen      total 883200K, used 39223K [0x000000076b500000, 0x00000007a4f00000, 0x00000007c0000000)
  eden space 827392K, 0% used [0x000000076b500000,0x000000076b500000,0x000000079dd00000)
  from space 55808K, 70% used [0x00000007a1580000,0x00000007a3bcdce8,0x00000007a4c00000)
  to   space 57856K, 0% used [0x000000079dd00000,0x000000079dd00000,0x00000007a1580000)
 ParOldGen       total 346112K, used 220394K [0x00000006c1e00000, 0x00000006d7000000, 0x000000076b500000)
  object space 346112K, 63% used [0x00000006c1e00000,0x00000006cf53ab60,0x00000006d7000000)
 Metaspace       used 45549K, capacity 45890K, committed 46336K, reserved 1089536K
  class space    used 6413K, capacity 6544K, committed 6656K, reserved 1048576K
}
Event: 46.800 GC heap before
{Heap before GC invocations=24 (full 3):
 PSYoungGen      total 883200K, used 866615K [0x000000076b500000, 0x00000007a4f00000, 0x00000007c0000000)
  eden space 827392K, 100% used [0x000000076b500000,0x000000079dd00000,0x000000079dd00000)
  from space 55808K, 70% used [0x00000007a1580000,0x00000007a3bcdce8,0x00000007a4c00000)
  to   space 57856K, 0% used [0x000000079dd00000,0x000000079dd00000,0x00000007a1580000)
 ParOldGen       total 346112K, used 220394K [0x00000006c1e00000, 0x00000006d7000000, 0x000000076b500000)
  object space 346112K, 63% used [0x00000006c1e00000,0x00000006cf53ab60,0x00000006d7000000)
 Metaspace       used 45599K, capacity 46018K, committed 46336K, reserved 1089536K
  class space    used 6413K, capacity 6544K, committed 6656K, reserved 1048576K
Event: 46.851 GC heap after
Heap after GC invocations=24 (full 3):
 PSYoungGen      total 885248K, used 46163K [0x000000076b500000, 0x00000007b0700000, 0x00000007c0000000)
  eden space 827392K, 0% used [0x000000076b500000,0x000000076b500000,0x000000079dd00000)
  from space 57856K, 79% used [0x000000079dd00000,0x00000007a0a14d18,0x00000007a1580000)
  to   space 61952K, 0% used [0x00000007aca80000,0x00000007aca80000,0x00000007b0700000)
 ParOldGen       total 346112K, used 252402K [0x00000006c1e00000, 0x00000006d7000000, 0x000000076b500000)
  object space 346112K, 72% used [0x00000006c1e00000,0x00000006d147cb60,0x00000006d7000000)
 Metaspace       used 45599K, capacity 46018K, committed 46336K, reserved 1089536K
  class space    used 6413K, capacity 6544K, committed 6656K, reserved 1048576K
}
Event: 51.066 GC heap before
{Heap before GC invocations=25 (full 3):
 PSYoungGen      total 885248K, used 873555K [0x000000076b500000, 0x00000007b0700000, 0x00000007c0000000)
  eden space 827392K, 100% used [0x000000076b500000,0x000000079dd00000,0x000000079dd00000)
  from space 57856K, 79% used [0x000000079dd00000,0x00000007a0a14d18,0x00000007a1580000)
  to   space 61952K, 0% used [0x00000007aca80000,0x00000007aca80000,0x00000007b0700000)
 ParOldGen       total 346112K, used 252402K [0x00000006c1e00000, 0x00000006d7000000, 0x000000076b500000)
  object space 346112K, 72% used [0x00000006c1e00000,0x00000006d147cb60,0x00000006d7000000)
 Metaspace       used 45607K, capacity 46018K, committed 46336K, reserved 1089536K
  class space    used 6413K, capacity 6544K, committed 6656K, reserved 1048576K
Event: 51.118 GC heap after
Heap after GC invocations=25 (full 3):
 PSYoungGen      total 1067520K, used 47046K [0x000000076b500000, 0x00000007b0c00000, 0x00000007c0000000)
  eden space 1005568K, 0% used [0x000000076b500000,0x000000076b500000,0x00000007a8b00000)
  from space 61952K, 75% used [0x00000007aca80000,0x00000007af871888,0x00000007b0700000)
  to   space 65024K, 0% used [0x00000007a8b00000,0x00000007a8b00000,0x00000007aca80000)
 ParOldGen       total 346112K, used 289090K [0x00000006c1e00000, 0x00000006d7000000, 0x000000076b500000)
  object space 346112K, 83% used [0x00000006c1e00000,0x00000006d3850b60,0x00000006d7000000)
 Metaspace       used 45607K, capacity 46018K, committed 46336K, reserved 1089536K
  class space    used 6413K, capacity 6544K, committed 6656K, reserved 1048576K
}

