# JRE version: Java(TM) SE Runtime Environment (8.0_181-b13) (build 1.8.0_181-b13)
# Java VM: Java HotSpot(TM) 64-Bit Server VM (25.181-b13 mixed mode windows-amd64 compressed oops)
Heap:
 PSYoungGen      total 1234944K, used 90698K [0x000000076b500000, 0x00000007bc300000, 0x00000007c0000000)
  eden space 1161728K, 2% used [0x000000076b500000,0x000000076d61c808,0x00000007b2380000)
  from space 73216K, 77% used [0x00000007b6f80000,0x00000007ba6f5ff8,0x00000007bb700000)
  to   space 77824K, 0% used [0x00000007b2380000,0x00000007b2380000,0x00000007b6f80000)
 ParOldGen       total 666624K, used 451112K [0x00000006c1e00000, 0x00000006ea900000, 0x000000076b500000)
  object space 666624K, 67% used [0x00000006c1e00000,0x00000006dd68a250,0x00000006ea900000)
 Metaspace       used 40361K, capacity 40754K, committed 40832K, reserved 1085440K
  class space    used 5598K, capacity 5730K, committed 5760K, reserved 1048576K
GC Heap History (10 events):
Event: 50.881 GC heap before
{Heap before GC invocations=30 (full 3):
 PSYoungGen      total 916480K, used 906412K [0x000000076b500000, 0x00000007a7480000, 0x00000007c0000000)
  eden space 862208K, 100% used [0x000000076b500000,0x000000079ff00000,0x000000079ff00000)
  from space 54272K, 81% used [0x00000007a3800000,0x00000007a632b280,0x00000007a6d00000)
  to   space 58368K, 0% used [0x000000079ff00000,0x000000079ff00000,0x00000007a3800000)
 ParOldGen       total 377856K, used 305479K [0x00000006c1e00000, 0x00000006d8f00000, 0x000000076b500000)
  object space 377856K, 80% used [0x00000006c1e00000,0x00000006d4851d30,0x00000006d8f00000)
 Metaspace       used 40321K, capacity 40690K, committed 40832K, reserved 1085440K
  class space    used 5598K, capacity 5730K, committed 5760K, reserved 1048576K
Event: 50.934 GC heap after
Heap after GC invocations=30 (full 3):
 PSYoungGen      total 920576K, used 52276K [0x000000076b500000, 0x00000007b0500000, 0x00000007c0000000)
  eden space 862208K, 0% used [0x000000076b500000,0x000000076b500000,0x000000079ff00000)
  from space 58368K, 89% used [0x000000079ff00000,0x00000007a320d0b8,0x00000007a3800000)
  to   space 64512K, 0% used [0x00000007ac600000,0x00000007ac600000,0x00000007b0500000)
 ParOldGen       total 377856K, used 341791K [0x00000006c1e00000, 0x00000006d8f00000, 0x000000076b500000)
  object space 377856K, 90% used [0x00000006c1e00000,0x00000006d6bc7d30,0x00000006d8f00000)
 Metaspace       used 40321K, capacity 40690K, committed 40832K, reserved 1085440K
  class space    used 5598K, capacity 5730K, committed 5760K, reserved 1048576K
}
Event: 50.934 GC heap before
{Heap before GC invocations=31 (full 4):
 PSYoungGen      total 920576K, used 52276K [0x000000076b500000, 0x00000007b0500000, 0x00000007c0000000)
  eden space 862208K, 0% used [0x000000076b500000,0x000000076b500000,0x000000079ff00000)
  from space 58368K, 89% used [0x000000079ff00000,0x00000007a320d0b8,0x00000007a3800000)
  to   space 64512K, 0% used [0x00000007ac600000,0x00000007ac600000,0x00000007b0500000)
 ParOldGen       total 377856K, used 341791K [0x00000006c1e00000, 0x00000006d8f00000, 0x000000076b500000)
  object space 377856K, 90% used [0x00000006c1e00000,0x00000006d6bc7d30,0x00000006d8f00000)
 Metaspace       used 40321K, capacity 40690K, committed 40832K, reserved 1085440K
  class space    used 5598K, capacity 5730K, committed 5760K, reserved 1048576K
Event: 51.124 GC heap after
Heap after GC invocations=31 (full 4):
 PSYoungGen      total 920576K, used 0K [0x000000076b500000, 0x00000007b0500000, 0x00000007c0000000)
  eden space 862208K, 0% used [0x000000076b500000,0x000000076b500000,0x000000079ff00000)
  from space 58368K, 0% used [0x000000079ff00000,0x000000079ff00000,0x00000007a3800000)
  to   space 64512K, 0% used [0x00000007ac600000,0x00000007ac600000,0x00000007b0500000)
 ParOldGen       total 666624K, used 367000K [0x00000006c1e00000, 0x00000006ea900000, 0x000000076b500000)
  object space 666624K, 55% used [0x00000006c1e00000,0x00000006d8466250,0x00000006ea900000)
 Metaspace       used 40321K, capacity 40690K, committed 40832K, reserved 1085440K
  class space    used 5598K, capacity 5730K, committed 5760K, reserved 1048576K
}
Event: 55.797 GC heap before
{Heap before GC invocations=32 (full 4):
 PSYoungGen      total 920576K, used 862208K [0x000000076b500000, 0x00000007b0500000, 0x00000007c0000000)
  eden space 862208K, 100% used [0x000000076b500000,0x000000079ff00000,0x000000079ff00000)
  from space 58368K, 0% used [0x000000079ff00000,0x000000079ff00000,0x00000007a3800000)
  to   space 64512K, 0% used [0x00000007ac600000,0x00000007ac600000,0x00000007b0500000)
 ParOldGen       total 666624K, used 367000K [0x00000006c1e00000, 0x00000006ea900000, 0x000000076b500000)
  object space 666624K, 55% used [0x00000006c1e00000,0x00000006d8466250,0x00000006ea900000)
 Metaspace       used 40336K, capacity 40754K, committed 40832K, reserved 1085440K
  class space    used 5598K, capacity 5730K, committed 5760K, reserved 1048576K
Event: 55.878 GC heap after
Heap after GC invocations=32 (full 4):
 PSYoungGen      total 1062912K, used 48426K [0x000000076b500000, 0x00000007b1280000, 0x00000007c0000000)
  eden space 998400K, 0% used [0x000000076b500000,0x000000076b500000,0x00000007a8400000)
  from space 64512K, 75% used [0x00000007ac600000,0x00000007af54aa18,0x00000007b0500000)
  to   space 67584K, 0% used [0x00000007a8400000,0x00000007a8400000,0x00000007ac600000)
 ParOldGen       total 666624K, used 367000K [0x00000006c1e00000, 0x00000006ea900000, 0x000000076b500000)
  object space 666624K, 55% used [0x00000006c1e00000,0x00000006d8466250,0x00000006ea900000)
 Metaspace       used 40336K, capacity 40754K, committed 40832K, reserved 1085440K
  class space    used 5598K, capacity 5730K, committed 5760K, reserved 1048576K
}
Event: 61.750 GC heap before
{Heap before GC invocations=33 (full 4):
 PSYoungGen      total 1062912K, used 1046826K [0x000000076b500000, 0x00000007b1280000, 0x00000007c0000000)
  eden space 998400K, 100% used [0x000000076b500000,0x00000007a8400000,0x00000007a8400000)
  from space 64512K, 75% used [0x00000007ac600000,0x00000007af54aa18,0x00000007b0500000)
  to   space 67584K, 0% used [0x00000007a8400000,0x00000007a8400000,0x00000007ac600000)
 ParOldGen       total 666624K, used 367000K [0x00000006c1e00000, 0x00000006ea900000, 0x000000076b500000)
  object space 666624K, 55% used [0x00000006c1e00000,0x00000006d8466250,0x00000006ea900000)
 Metaspace       used 40361K, capacity 40754K, committed 40832K, reserved 1085440K
  class space    used 5598K, capacity 5730K, committed 5760K, reserved 1048576K
Event: 61.828 GC heap after
Heap after GC invocations=33 (full 4):
 PSYoungGen      total 1065984K, used 56567K [0x000000076b500000, 0x00000007bb700000, 0x00000007c0000000)
  eden space 998400K, 0% used [0x000000076b500000,0x000000076b500000,0x00000007a8400000)
  from space 67584K, 83% used [0x00000007a8400000,0x00000007abb3de50,0x00000007ac600000)
  to   space 73216K, 0% used [0x00000007b6f80000,0x00000007b6f80000,0x00000007bb700000)
 ParOldGen       total 666624K, used 404752K [0x00000006c1e00000, 0x00000006ea900000, 0x000000076b500000)
  object space 666624K, 60% used [0x00000006c1e00000,0x00000006da944250,0x00000006ea900000)
 Metaspace       used 40361K, capacity 40754K, committed 40832K, reserved 1085440K
  class space    used 5598K, capacity 5730K, committed 5760K, reserved 1048576K
}
Event: 66.646 GC heap before
{Heap before GC invocations=34 (full 4):
 PSYoungGen      total 1065984K, used 1054967K [0x000000076b500000, 0x00000007bb700000, 0x00000007c0000000)
  eden space 998400K, 100% used [0x000000076b500000,0x00000007a8400000,0x00000007a8400000)
  from space 67584K, 83% used [0x00000007a8400000,0x00000007abb3de50,0x00000007ac600000)
  to   space 73216K, 0% used [0x00000007b6f80000,0x00000007b6f80000,0x00000007bb700000)
 ParOldGen       total 666624K, used 404752K [0x00000006c1e00000, 0x00000006ea900000, 0x000000076b500000)
  object space 666624K, 60% used [0x00000006c1e00000,0x00000006da944250,0x00000006ea900000)
 Metaspace       used 40361K, capacity 40754K, committed 40832K, reserved 1085440K
  class space    used 5598K, capacity 5730K, committed 5760K, reserved 1048576K
Event: 66.729 GC heap after
Heap after GC invocations=34 (full 4):
 PSYoungGen      total 1234944K, used 56791K [0x000000076b500000, 0x00000007bc300000, 0x00000007c0000000)
  eden space 1161728K, 0% used [0x000000076b500000,0x000000076b500000,0x00000007b2380000)
  from space 73216K, 77% used [0x00000007b6f80000,0x00000007ba6f5ff8,0x00000007bb700000)
  to   space 77824K, 0% used [0x00000007b2380000,0x00000007b2380000,0x00000007b6f80000)
 ParOldGen       total 666624K, used 451112K [0x00000006c1e00000, 0x00000006ea900000, 0x000000076b500000)
  object space 666624K, 67% used [0x00000006c1e00000,0x00000006dd68a250,0x00000006ea900000)
 Metaspace       used 40361K, capacity 40754K, committed 40832K, reserved 1085440K
  class space    used 5598K, capacity 5730K, committed 5760K, reserved 1048576K
}

