# JRE version: Java(TM) SE Runtime Environment (8.0_181-b13) (build 1.8.0_181-b13)
# Java VM: Java HotSpot(TM) 64-Bit Server VM (25.181-b13 mixed mode windows-amd64 compressed oops)
Heap:
 PSYoungGen      total 1267200K, used 125357K [0x000000076b500000, 0x00000007c0000000, 0x00000007c0000000)
  eden space 1189376K, 4% used [0x000000076b500000,0x000000076ef05640,0x00000007b3e80000)
  from space 77824K, 84% used [0x00000007b3e80000,0x00000007b7ee60e8,0x00000007b8a80000)
  to   space 85504K, 0% used [0x00000007bac80000,0x00000007bac80000,0x00000007c0000000)
 ParOldGen       total 599040K, used 423919K [0x00000006c1e00000, 0x00000006e6700000, 0x000000076b500000)
  object space 599040K, 70% used [0x00000006c1e00000,0x00000006dbbfbd70,0x00000006e6700000)
 Metaspace       used 40380K, capacity 40754K, committed 40832K, reserved 1085440K
  class space    used 5598K, capacity 5730K, committed 5760K, reserved 1048576K
GC Heap History (10 events):
Event: 48.028 GC heap before
{Heap before GC invocations=27 (full 3):
 PSYoungGen      total 879616K, used 875205K [0x000000076b500000, 0x00000007b0f00000, 0x00000007c0000000)
  eden space 826880K, 100% used [0x000000076b500000,0x000000079dc80000,0x000000079dc80000)
  from space 52736K, 91% used [0x000000079dc80000,0x00000007a0bb1610,0x00000007a1000000)
  to   space 58880K, 0% used [0x00000007ad580000,0x00000007ad580000,0x00000007b0f00000)
 ParOldGen       total 342528K, used 264729K [0x00000006c1e00000, 0x00000006d6c80000, 0x000000076b500000)
  object space 342528K, 77% used [0x00000006c1e00000,0x00000006d2086440,0x00000006d6c80000)
 Metaspace       used 40310K, capacity 40690K, committed 40832K, reserved 1085440K
  class space    used 5598K, capacity 5730K, committed 5760K, reserved 1048576K
Event: 48.084 GC heap after
Heap after GC invocations=27 (full 3):
 PSYoungGen      total 1076224K, used 49073K [0x000000076b500000, 0x00000007b1800000, 0x00000007c0000000)
  eden space 1017344K, 0% used [0x000000076b500000,0x000000076b500000,0x00000007a9680000)
  from space 58880K, 83% used [0x00000007ad580000,0x00000007b056c560,0x00000007b0f00000)
  to   space 64512K, 0% used [0x00000007a9680000,0x00000007a9680000,0x00000007ad580000)
 ParOldGen       total 342528K, used 305409K [0x00000006c1e00000, 0x00000006d6c80000, 0x000000076b500000)
  object space 342528K, 89% used [0x00000006c1e00000,0x00000006d4840440,0x00000006d6c80000)
 Metaspace       used 40310K, capacity 40690K, committed 40832K, reserved 1085440K
  class space    used 5598K, capacity 5730K, committed 5760K, reserved 1048576K
}
Event: 48.084 GC heap before
{Heap before GC invocations=28 (full 4):
 PSYoungGen      total 1076224K, used 49073K [0x000000076b500000, 0x00000007b1800000, 0x00000007c0000000)
  eden space 1017344K, 0% used [0x000000076b500000,0x000000076b500000,0x00000007a9680000)
  from space 58880K, 83% used [0x00000007ad580000,0x00000007b056c560,0x00000007b0f00000)
  to   space 64512K, 0% used [0x00000007a9680000,0x00000007a9680000,0x00000007ad580000)
 ParOldGen       total 342528K, used 305409K [0x00000006c1e00000, 0x00000006d6c80000, 0x000000076b500000)
  object space 342528K, 89% used [0x00000006c1e00000,0x00000006d4840440,0x00000006d6c80000)
 Metaspace       used 40310K, capacity 40690K, committed 40832K, reserved 1085440K
  class space    used 5598K, capacity 5730K, committed 5760K, reserved 1048576K
Event: 48.254 GC heap after
Heap after GC invocations=28 (full 4):
 PSYoungGen      total 1076224K, used 0K [0x000000076b500000, 0x00000007b1800000, 0x00000007c0000000)
  eden space 1017344K, 0% used [0x000000076b500000,0x000000076b500000,0x00000007a9680000)
  from space 58880K, 0% used [0x00000007ad580000,0x00000007ad580000,0x00000007b0f00000)
  to   space 64512K, 0% used [0x00000007a9680000,0x00000007a9680000,0x00000007ad580000)
 ParOldGen       total 599040K, used 329207K [0x00000006c1e00000, 0x00000006e6700000, 0x000000076b500000)
  object space 599040K, 54% used [0x00000006c1e00000,0x00000006d5f7dd70,0x00000006e6700000)
 Metaspace       used 40310K, capacity 40690K, committed 40832K, reserved 1085440K
  class space    used 5598K, capacity 5730K, committed 5760K, reserved 1048576K
}
Event: 54.399 GC heap before
{Heap before GC invocations=29 (full 4):
 PSYoungGen      total 1076224K, used 1017344K [0x000000076b500000, 0x00000007b1800000, 0x00000007c0000000)
  eden space 1017344K, 100% used [0x000000076b500000,0x00000007a9680000,0x00000007a9680000)
  from space 58880K, 0% used [0x00000007ad580000,0x00000007ad580000,0x00000007b0f00000)
  to   space 64512K, 0% used [0x00000007a9680000,0x00000007a9680000,0x00000007ad580000)
 ParOldGen       total 599040K, used 329207K [0x00000006c1e00000, 0x00000006e6700000, 0x000000076b500000)
  object space 599040K, 54% used [0x00000006c1e00000,0x00000006d5f7dd70,0x00000006e6700000)
 Metaspace       used 40353K, capacity 40754K, committed 40832K, reserved 1085440K
  class space    used 5598K, capacity 5730K, committed 5760K, reserved 1048576K
Event: 54.464 GC heap after
Heap after GC invocations=29 (full 4):
 PSYoungGen      total 1081856K, used 61346K [0x000000076b500000, 0x00000007bd180000, 0x00000007c0000000)
  eden space 1017344K, 0% used [0x000000076b500000,0x000000076b500000,0x00000007a9680000)
  from space 64512K, 95% used [0x00000007a9680000,0x00000007ad2688b0,0x00000007ad580000)
  to   space 72704K, 0% used [0x00000007b8a80000,0x00000007b8a80000,0x00000007bd180000)
 ParOldGen       total 599040K, used 329215K [0x00000006c1e00000, 0x00000006e6700000, 0x000000076b500000)
  object space 599040K, 54% used [0x00000006c1e00000,0x00000006d5f7fd70,0x00000006e6700000)
 Metaspace       used 40353K, capacity 40754K, committed 40832K, reserved 1085440K
  class space    used 5598K, capacity 5730K, committed 5760K, reserved 1048576K
}
Event: 59.222 GC heap before
{Heap before GC invocations=30 (full 4):
 PSYoungGen      total 1081856K, used 1078690K [0x000000076b500000, 0x00000007bd180000, 0x00000007c0000000)
  eden space 1017344K, 100% used [0x000000076b500000,0x00000007a9680000,0x00000007a9680000)
  from space 64512K, 95% used [0x00000007a9680000,0x00000007ad2688b0,0x00000007ad580000)
  to   space 72704K, 0% used [0x00000007b8a80000,0x00000007b8a80000,0x00000007bd180000)
 ParOldGen       total 599040K, used 329215K [0x00000006c1e00000, 0x00000006e6700000, 0x000000076b500000)
  object space 599040K, 54% used [0x00000006c1e00000,0x00000006d5f7fd70,0x00000006e6700000)
 Metaspace       used 40371K, capacity 40754K, committed 40832K, reserved 1085440K
  class space    used 5598K, capacity 5730K, committed 5760K, reserved 1048576K
Event: 59.311 GC heap after
Heap after GC invocations=30 (full 4):
 PSYoungGen      total 1262080K, used 56450K [0x000000076b500000, 0x00000007be300000, 0x00000007c0000000)
  eden space 1189376K, 0% used [0x000000076b500000,0x000000076b500000,0x00000007b3e80000)
  from space 72704K, 77% used [0x00000007b8a80000,0x00000007bc1a09d8,0x00000007bd180000)
  to   space 77824K, 0% used [0x00000007b3e80000,0x00000007b3e80000,0x00000007b8a80000)
 ParOldGen       total 599040K, used 377839K [0x00000006c1e00000, 0x00000006e6700000, 0x000000076b500000)
  object space 599040K, 63% used [0x00000006c1e00000,0x00000006d8efbd70,0x00000006e6700000)
 Metaspace       used 40371K, capacity 40754K, committed 40832K, reserved 1085440K
  class space    used 5598K, capacity 5730K, committed 5760K, reserved 1048576K
}
Event: 64.907 GC heap before
{Heap before GC invocations=31 (full 4):
 PSYoungGen      total 1262080K, used 1245826K [0x000000076b500000, 0x00000007be300000, 0x00000007c0000000)
  eden space 1189376K, 100% used [0x000000076b500000,0x00000007b3e80000,0x00000007b3e80000)
  from space 72704K, 77% used [0x00000007b8a80000,0x00000007bc1a09d8,0x00000007bd180000)
  to   space 77824K, 0% used [0x00000007b3e80000,0x00000007b3e80000,0x00000007b8a80000)
 ParOldGen       total 599040K, used 377839K [0x00000006c1e00000, 0x00000006e6700000, 0x000000076b500000)
  object space 599040K, 63% used [0x00000006c1e00000,0x00000006d8efbd70,0x00000006e6700000)
 Metaspace       used 40380K, capacity 40754K, committed 40832K, reserved 1085440K
  class space    used 5598K, capacity 5730K, committed 5760K, reserved 1048576K
Event: 64.983 GC heap after
Heap after GC invocations=31 (full 4):
 PSYoungGen      total 1267200K, used 65944K [0x000000076b500000, 0x00000007c0000000, 0x00000007c0000000)
  eden space 1189376K, 0% used [0x000000076b500000,0x000000076b500000,0x00000007b3e80000)
  from space 77824K, 84% used [0x00000007b3e80000,0x00000007b7ee60e8,0x00000007b8a80000)
  to   space 85504K, 0% used [0x00000007bac80000,0x00000007bac80000,0x00000007c0000000)
 ParOldGen       total 599040K, used 423919K [0x00000006c1e00000, 0x00000006e6700000, 0x000000076b500000)
  object space 599040K, 70% used [0x00000006c1e00000,0x00000006dbbfbd70,0x00000006e6700000)
 Metaspace       used 40380K, capacity 40754K, committed 40832K, reserved 1085440K
  class space    used 5598K, capacity 5730K, committed 5760K, reserved 1048576K
}

